<?xml version="1.0" encoding="UTF-8"?>
<!-- Generated by org.testng.reporters.JUnitReportReporter -->
<testsuite hostname="DESKTOP-LOVJRL7" name="org.automation.testingworld.testcases.TC_002_Register_new_User" tests="3" failures="0" timestamp="29 Apr 2018 12:53:32 GMT" time="64.537" errors="0">
  <testcase name="tc_002_register_new_User" time="19.094" classname="org.automation.testingworld.testcases.TC_002_Register_new_User"/>
  <testcase name="tc_002_register_new_User" time="29.726" classname="org.automation.testingworld.testcases.TC_002_Register_new_User"/>
  <testcase name="tc_002_register_new_User" time="15.717" classname="org.automation.testingworld.testcases.TC_002_Register_new_User"/>
</testsuite> <!-- org.automation.testingworld.testcases.TC_002_Register_new_User -->
