<?xml version="1.0" encoding="UTF-8"?>
<!-- Generated by org.testng.reporters.JUnitReportReporter -->
<testsuite hostname="DESKTOP-LOVJRL7" name="org.automation.testingworld.testcases.Tc_001_validateLoginFunctionalityExcel" tests="2" failures="0" timestamp="29 Apr 2018 10:59:11 GMT" time="68.975" errors="0">
  <testcase name="tc_001_login_functionality" time="26.918" classname="org.automation.testingworld.testcases.Tc_001_validateLoginFunctionalityExcel"/>
  <testcase name="tc_001_login_functionality" time="42.057" classname="org.automation.testingworld.testcases.Tc_001_validateLoginFunctionalityExcel"/>
</testsuite> <!-- org.automation.testingworld.testcases.Tc_001_validateLoginFunctionalityExcel -->
