<?xml version="1.0" encoding="UTF-8"?>
<!-- Generated by org.testng.reporters.JUnitReportReporter -->
<testsuite hostname="DESKTOP-LOVJRL7" name="org.automation.testingworld.testcases.Tc_001_ValidateLoginFunctionality_V7" tests="1" failures="0" timestamp="29 Apr 2018 09:56:10 GMT" time="40.467" errors="0">
  <testcase name="tc_001_login_functionality" time="40.467" classname="org.automation.testingworld.testcases.Tc_001_ValidateLoginFunctionality_V7"/>
</testsuite> <!-- org.automation.testingworld.testcases.Tc_001_ValidateLoginFunctionality_V7 -->
