<?xml version="1.0" encoding="UTF-8"?>
<!-- Generated by org.testng.reporters.JUnitReportReporter -->
<testsuite hostname="DESKTOP-LOVJRL7" name="org.automation.testingworld.testcases.Tc_001_ValidateLoginFunctionality_V8_static" tests="3" failures="0" timestamp="29 Apr 2018 10:00:11 GMT" time="68.055" errors="0">
  <testcase name="tc_001_login_functionality" time="21.320" classname="org.automation.testingworld.testcases.Tc_001_ValidateLoginFunctionality_V8_static"/>
  <testcase name="tc_001_login_functionality" time="22.131" classname="org.automation.testingworld.testcases.Tc_001_ValidateLoginFunctionality_V8_static"/>
  <testcase name="tc_001_login_functionality" time="24.604" classname="org.automation.testingworld.testcases.Tc_001_ValidateLoginFunctionality_V8_static"/>
</testsuite> <!-- org.automation.testingworld.testcases.Tc_001_ValidateLoginFunctionality_V8_static -->
